<?xml version="1.0" encoding="UTF-8"?>
<!-- Generated by org.testng.reporters.JUnitReportReporter -->
<testsuite hostname="MS-7B48" failures="0" tests="1" name="testcase.LoginTestFW" time="3.256" errors="0" timestamp="2022-09-01T11:51:41 CST" skipped="0">
  <testcase classname="testcase.LoginTestFW" name="LoginTest" time="3.256"/>
  <system-out/>
</testsuite> <!-- testcase.LoginTestFW -->
