<?xml version="1.0" encoding="UTF-8"?>
<!-- Generated by org.testng.reporters.JUnitReportReporter -->
<testsuite hostname="MS-7B48" failures="0" tests="1" name="testcase.LoginTestFW" time="0.196" errors="0" timestamp="2022-08-31T22:04:09 CST" skipped="0">
  <testcase classname="testcase.LoginTestFW" name="LoginTest" time="0.196"/>
  <system-out/>
</testsuite> <!-- testcase.LoginTestFW -->
